<?xml version="1.0" encoding="UTF-8"?>
<!-- Generated by org.testng.reporters.JUnitReportReporter -->
<testsuite hostname="ICPL11541" name="com.assignment.android.flipkartmobileapp.tests.NewTest" tests="1" failures="0" timestamp="9 May 2017 07:46:39 GMT" time="14.390" errors="0">
  <testcase name="f" time="14.390" classname="com.assignment.android.flipkartmobileapp.tests.NewTest"/>
</testsuite> <!-- com.assignment.android.flipkartmobileapp.tests.NewTest -->
