<?xml version="1.0" encoding="UTF-8"?>
<!-- Generated by org.testng.reporters.JUnitReportReporter -->
<testsuite hostname="ICPL11541" name="com.assignment.android.flipkartmobileapp.tests.Addtocart" tests="1" failures="0" timestamp="9 May 2017 10:00:35 GMT" time="24.649" errors="0">
  <testcase name="addprodudttocart" time="24.649" classname="com.assignment.android.flipkartmobileapp.tests.Addtocart"/>
</testsuite> <!-- com.assignment.android.flipkartmobileapp.tests.Addtocart -->
